<?xml version="1.0" encoding="UTF-8"?>
<!-- Generated by org.testng.reporters.JUnitReportReporter -->
<testsuite skipped="0" hostname="VIMAL" name="au.com.carguide.AppTest" tests="1" failures="0" timestamp="16 Dec 2021 14:18:20 GMT" time="0.006" errors="0">
  <testcase name="shouldAnswerWithTrue" time="0.006" classname="au.com.carguide.AppTest"/>
</testsuite> <!-- au.com.carguide.AppTest -->
